app/build/intermediates/manifest_merge_blame_file/debug/manifest-merger-blame-debug-report.txt
1<?xml version="1.0" encoding="utf-8"?>
2<manifest xmlns:android="http://schemas.android.com/apk/res/android"
3    package="com.example.myapplication"
4    android:versionCode="1"
5    android:versionName="1.0" >
6
7    <uses-sdk
8        android:minSdkVersion="19"
8-->src/main/AndroidManifest.xml
9        android:targetSdkVersion="29" />
9-->src/main/AndroidManifest.xml
10
11    <uses-permission android:name="android.permission.INTERNET" />
11-->src/main/AndroidManifest.xml:5:5-67
11-->src/main/AndroidManifest.xml:5:22-64
12
13    <!-- Although the *SdkVersion is captured in gradle build files, this is required for non gradle builds -->
14    <!-- <uses-sdk android:minSdkVersion="14"/> -->
15    <uses-permission android:name="android.permission.ACCESS_NETWORK_STATE" />
15-->[com.google.firebase:firebase-database:19.3.1] AndroidManifest.xml:25:5-79
15-->[com.google.firebase:firebase-database:19.3.1] AndroidManifest.xml:25:22-76
16
17    <application
17-->src/main/AndroidManifest.xml:6:5-26:19
18        android:allowBackup="true"
18-->src/main/AndroidManifest.xml:8:9-35
19        android:appComponentFactory="androidx.core.app.CoreComponentFactory"
19-->[androidx.core:core:1.1.0] AndroidManifest.xml:24:18-86
20        android:debuggable="true"
21        android:icon="@mipmap/ic_launcher"
21-->src/main/AndroidManifest.xml:9:9-43
22        android:label="@string/app_name"
22-->src/main/AndroidManifest.xml:10:9-41
23        android:roundIcon="@mipmap/ic_launcher_round"
23-->src/main/AndroidManifest.xml:11:9-54
24        android:supportsRtl="true"
24-->src/main/AndroidManifest.xml:12:9-35
25        android:testOnly="true"
26        android:theme="@style/AppTheme"
26-->src/main/AndroidManifest.xml:13:9-40
27        android:usesCleartextTraffic="true" >
27-->src/main/AndroidManifest.xml:7:9-44
28        <activity android:name="com.example.myapplication.AddressActivity" />
28-->src/main/AndroidManifest.xml:14:9-62
28-->src/main/AndroidManifest.xml:14:19-50
29        <activity android:name="com.example.myapplication.address.SearchAddress" />
29-->src/main/AndroidManifest.xml:15:9-59
29-->src/main/AndroidManifest.xml:15:19-56
30        <activity android:name="com.example.myapplication.SignUpActivity" />
30-->src/main/AndroidManifest.xml:16:9-52
30-->src/main/AndroidManifest.xml:16:19-49
31        <activity android:name="com.example.myapplication.FindActivity" />
31-->src/main/AndroidManifest.xml:17:9-50
31-->src/main/AndroidManifest.xml:17:19-47
32        <activity android:name="com.example.myapplication.LoginActivity" />
32-->src/main/AndroidManifest.xml:18:9-51
32-->src/main/AndroidManifest.xml:18:19-48
33        <activity android:name="com.example.myapplication.MainActivity" >
33-->src/main/AndroidManifest.xml:19:9-25:20
33-->src/main/AndroidManifest.xml:19:19-47
34            <intent-filter>
34-->src/main/AndroidManifest.xml:20:13-24:29
35                <action android:name="android.intent.action.MAIN" />
35-->src/main/AndroidManifest.xml:21:17-69
35-->src/main/AndroidManifest.xml:21:25-66
36
37                <category android:name="android.intent.category.LAUNCHER" />
37-->src/main/AndroidManifest.xml:23:17-77
37-->src/main/AndroidManifest.xml:23:27-74
38            </intent-filter>
39        </activity>
40
41        <service
41-->[com.google.firebase:firebase-database:19.3.1] AndroidManifest.xml:29:9-35:19
42            android:name="com.google.firebase.components.ComponentDiscoveryService"
42-->[com.google.firebase:firebase-database:19.3.1] AndroidManifest.xml:30:13-84
43            android:directBootAware="true"
43-->[com.google.firebase:firebase-common:19.3.0] AndroidManifest.xml:34:13-43
44            android:exported="false" >
44-->[com.google.firebase:firebase-database:19.3.1] AndroidManifest.xml:31:13-37
45            <meta-data
45-->[com.google.firebase:firebase-database:19.3.1] AndroidManifest.xml:32:13-34:85
46                android:name="com.google.firebase.components:com.google.firebase.database.DatabaseRegistrar"
46-->[com.google.firebase:firebase-database:19.3.1] AndroidManifest.xml:33:17-109
47                android:value="com.google.firebase.components.ComponentRegistrar" />
47-->[com.google.firebase:firebase-database:19.3.1] AndroidManifest.xml:34:17-82
48            <meta-data
48-->[com.google.firebase:firebase-auth:19.3.2] AndroidManifest.xml:36:13-38:85
49                android:name="com.google.firebase.components:com.google.firebase.auth.FirebaseAuthRegistrar"
49-->[com.google.firebase:firebase-auth:19.3.2] AndroidManifest.xml:37:17-109
50                android:value="com.google.firebase.components.ComponentRegistrar" />
50-->[com.google.firebase:firebase-auth:19.3.2] AndroidManifest.xml:38:17-82
51        </service>
52
53        <activity
53-->[com.google.firebase:firebase-auth:19.3.2] AndroidManifest.xml:24:9-31:50
54            android:name="com.google.firebase.auth.internal.FederatedSignInActivity"
54-->[com.google.firebase:firebase-auth:19.3.2] AndroidManifest.xml:25:13-85
55            android:excludeFromRecents="true"
55-->[com.google.firebase:firebase-auth:19.3.2] AndroidManifest.xml:26:13-46
56            android:exported="true"
56-->[com.google.firebase:firebase-auth:19.3.2] AndroidManifest.xml:27:13-36
57            android:launchMode="singleTask"
57-->[com.google.firebase:firebase-auth:19.3.2] AndroidManifest.xml:28:13-44
58            android:permission="com.google.firebase.auth.api.gms.permission.LAUNCH_FEDERATED_SIGN_IN"
58-->[com.google.firebase:firebase-auth:19.3.2] AndroidManifest.xml:29:13-102
59            android:theme="@android:style/Theme.Translucent.NoTitleBar" />
59-->[com.google.firebase:firebase-auth:19.3.2] AndroidManifest.xml:30:13-72
60
61        <provider
61-->[com.google.firebase:firebase-common:19.3.0] AndroidManifest.xml:26:9-30:39
62            android:name="com.google.firebase.provider.FirebaseInitProvider"
62-->[com.google.firebase:firebase-common:19.3.0] AndroidManifest.xml:27:13-77
63            android:authorities="com.example.myapplication.firebaseinitprovider"
63-->[com.google.firebase:firebase-common:19.3.0] AndroidManifest.xml:28:13-72
64            android:exported="false"
64-->[com.google.firebase:firebase-common:19.3.0] AndroidManifest.xml:29:13-37
65            android:initOrder="100" />
65-->[com.google.firebase:firebase-common:19.3.0] AndroidManifest.xml:30:13-36
66
67        <activity
67-->[com.google.android.gms:play-services-base:17.1.0] AndroidManifest.xml:23:9-26:75
68            android:name="com.google.android.gms.common.api.GoogleApiActivity"
68-->[com.google.android.gms:play-services-base:17.1.0] AndroidManifest.xml:24:13-79
69            android:exported="false"
69-->[com.google.android.gms:play-services-base:17.1.0] AndroidManifest.xml:25:13-37
70            android:theme="@android:style/Theme.Translucent.NoTitleBar" />
70-->[com.google.android.gms:play-services-base:17.1.0] AndroidManifest.xml:26:13-72
71
72        <meta-data
72-->[com.google.android.gms:play-services-basement:17.0.0] AndroidManifest.xml:23:9-25:69
73            android:name="com.google.android.gms.version"
73-->[com.google.android.gms:play-services-basement:17.0.0] AndroidManifest.xml:24:13-58
74            android:value="@integer/google_play_services_version" />
74-->[com.google.android.gms:play-services-basement:17.0.0] AndroidManifest.xml:25:13-66
75
76        <provider
76-->[androidx.lifecycle:lifecycle-process:2.2.0] AndroidManifest.xml:25:9-29:43
77            android:name="androidx.lifecycle.ProcessLifecycleOwnerInitializer"
77-->[androidx.lifecycle:lifecycle-process:2.2.0] AndroidManifest.xml:26:13-79
78            android:authorities="com.example.myapplication.lifecycle-process"
78-->[androidx.lifecycle:lifecycle-process:2.2.0] AndroidManifest.xml:27:13-69
79            android:exported="false"
79-->[androidx.lifecycle:lifecycle-process:2.2.0] AndroidManifest.xml:28:13-37
80            android:multiprocess="true" />
80-->[androidx.lifecycle:lifecycle-process:2.2.0] AndroidManifest.xml:29:13-40
81    </application>
82
83</manifest>